Penalty sum (5466546677.000000) forPoint (-0.166020, -0.538827, 0.666017, 0.520480, -0.465441, -0.932130, -0.905896, )
Penalty sum (5124930515.000000) forPoint (-0.889450, -0.870308, -0.029007, 0.410977, -0.549352, -0.697322, -0.648434, )
Penalty sum (4337850960.000000) forPoint (-0.371006, 0.244050, 0.043380, -0.491116, 0.421142, -0.650279, -0.043644, )
Penalty sum (7067776547.000000) forPoint (0.274469, 0.333785, 0.931973, -0.300489, -0.983966, -0.071749, -0.539579, )
Penalty sum (33027089678.000000) forPoint (0.603350, 0.099411, -0.742937, -0.339783, -0.709875, 0.859062, -0.797569, )
Penalty sum (31416563458.000000) forPoint (-0.796606, -0.032494, 0.644358, 0.459897, -0.736197, 0.233053, 0.066879, )
Penalty sum (29117161718.000000) forPoint (-0.484121, 0.099990, 0.104632, 0.677405, -0.204915, 0.793759, 0.905254, )
Penalty sum (29260584165.000000) forPoint (-0.967454, 0.424169, -0.392624, -0.722124, 0.167222, 0.571754, 0.280952, )
Penalty sum (28185580912.000000) forPoint (-0.523428, -0.622952, -0.030703, -0.949952, -0.232937, 0.755140, 0.665177, )
Penalty sum (3917259780.000000) forPoint (0.347282, -0.352386, -0.331068, -0.894551, 0.989897, -0.690370, 0.855053, )
Penalty sum (28140515724.000000) forPoint (-0.372345, -0.096943, -0.132235, -0.248982, -0.642523, 0.748030, 0.759665, )
Penalty sum (34337241884.000000) forPoint (-0.819973, -0.826362, 0.465481, 0.371559, 0.729005, 0.985560, -0.824963, )
Penalty sum (4517057116.000000) forPoint (0.271392, -0.709733, -0.060679, -0.220474, -0.621175, -0.711271, -0.071697, )
Penalty sum (4624293617.000000) forPoint (-0.565149, -0.890171, -0.592136, 0.130667, -0.469397, -0.917489, -0.384350, )
Penalty sum (4648403297.000000) forPoint (-0.448251, 0.187327, 0.426625, -0.807901, 0.808780, -0.404542, -0.152180, )
Penalty sum (32960288084.000000) forPoint (-0.613804, -0.450835, 0.940405, 0.180947, -0.290668, 0.705892, -0.292896, )
Penalty sum (31584048794.000000) forPoint (-0.825465, 0.144339, -0.895830, 0.807630, -0.051032, 0.921057, -0.395412, )
Penalty sum (30855471079.000000) forPoint (0.827239, -0.702957, 0.688936, 0.693709, -0.785915, 0.709865, 0.400877, )
Penalty sum (29866139990.000000) forPoint (0.625606, -0.387756, 0.371811, 0.785327, -0.375768, 0.594878, 0.534787, )
Penalty sum (29045917593.000000) forPoint (-0.482626, 0.528711, 0.181284, -0.234671, 0.276856, 0.515891, 0.746092, )
Penalty sum (3897171410.000000) forPoint (-0.479807, -0.246001, -0.756712, 0.759958, -0.751667, -0.156303, 0.469904, )
Penalty sum (26972971382.000000) forPoint (0.132093, -0.636925, -0.885367, 0.361016, -0.300215, 0.611941, 0.917108, )
Penalty sum (4903603850.000000) forPoint (0.920064, 0.613156, 0.228781, 0.603121, 0.533582, -0.467254, -0.441688, )
Penalty sum (5235053663.000000) forPoint (-0.410380, -0.070169, -0.031767, 0.064930, 0.284024, -0.245004, -0.993295, )
Penalty sum (4601567170.000000) forPoint (0.579641, -0.427101, -0.307675, 0.229448, -0.133167, -0.643018, -0.619670, )
Penalty sum (5315706307.000000) forPoint (-0.329061, -0.758780, -0.314979, 0.435822, 0.775806, -0.581990, -0.878173, )
Penalty sum (4950679810.000000) forPoint (0.651936, 0.808941, -0.852986, -0.096017, -0.249638, -0.388866, -0.969571, )
Penalty sum (33026784282.000000) forPoint (0.156791, 0.201610, -0.656968, 0.727627, -0.853920, 0.651285, -0.863022, )
Penalty sum (4260222550.000000) forPoint (-0.487052, -0.740425, -0.421698, -0.542253, 0.339638, -0.486200, -0.400044, )
Penalty sum (30817689770.000000) forPoint (-0.186966, 0.680967, 0.177984, 0.847072, 0.225435, 0.011317, 0.013225, )
Penalty sum (31034899348.000000) forPoint (0.679874, 0.807313, 0.389737, 0.190895, -0.787284, 0.447837, 0.120912, )
Penalty sum (4132700335.000000) forPoint (0.691032, -0.139218, -0.847775, -0.454182, 0.132568, -0.680957, -0.014711, )
Penalty sum (3962012949.000000) forPoint (-0.089501, -0.919205, -0.017312, 0.739066, 0.538510, -0.109137, 0.231006, )
Penalty sum (4822953062.000000) forPoint (-0.804497, -0.436150, 0.585150, 0.387656, 0.400417, -0.879227, -0.630047, )
Penalty sum (34570916570.000000) forPoint (0.390677, -0.830033, 0.496043, 0.834059, -0.536098, 0.201306, -0.823440, )
Penalty sum (4532857563.000000) forPoint (0.148497, 0.037903, -0.497172, -0.253258, 0.661548, -0.535750, -0.994877, )
Penalty sum (5054250343.000000) forPoint (0.849886, -0.849045, 0.452222, -0.540461, -0.642403, -0.456850, -0.103265, )
Penalty sum (8974196979.000000) forPoint (-0.450702, -0.328080, -0.846730, 0.803748, -0.812664, -0.002524, -0.277331, )
Penalty sum (4654971851.000000) forPoint (0.045027, 0.637729, 0.846968, -0.674955, -0.626887, -0.294054, 0.293282, )
Penalty sum (30231971313.000000) forPoint (0.041121, -0.544331, 0.923674, 0.281139, -0.070191, 0.651546, 0.600493, )
Penalty sum (29570239883.000000) forPoint (-0.258922, 0.654977, 0.602284, -0.570166, 0.129206, 0.576870, 0.750406, )
Penalty sum (30280106849.000000) forPoint (-0.139962, 0.940856, -0.969709, 0.066657, -0.233487, 0.817354, -0.021935, )
Penalty sum (30016053132.000000) forPoint (0.943611, 0.413203, -0.104550, 0.287148, 0.757035, 0.239155, 0.063930, )
Penalty sum (3748132573.000000) forPoint (0.728180, -0.774447, -0.414408, -0.359429, 0.266042, -0.296774, 0.607526, )
Penalty sum (17831846565.000000) forPoint (0.471615, -0.171336, -0.913912, 0.387121, -0.550557, 0.000000, -0.698253, )
Penalty sum (32161881458.000000) forPoint (0.226302, -0.546184, -0.869184, -0.151214, 0.944839, 0.227708, -0.682043, )
Penalty sum (3995328301.000000) forPoint (0.108249, -0.913965, -0.768446, 0.977365, 0.876960, -0.330452, -0.262030, )
Penalty sum (4052681056.000000) forPoint (0.539416, -0.730383, -0.316312, -0.449347, 0.818232, -0.679713, -0.035140, )
Penalty sum (4064076681.000000) forPoint (0.922265, 0.086281, 0.000000, 0.437148, 0.760497, -0.762045, 0.377607, )
Penalty sum (3619065990.000000) forPoint (-0.884209, -0.183098, -0.452127, 0.232989, 0.988897, -0.173974, 0.061726, )
Penalty sum (28967912921.000000) forPoint (-0.125774, -0.441459, 0.083889, -0.733202, 0.489088, 0.961407, 0.882330, )
Penalty sum (3855519051.000000) forPoint (0.526031, -0.900021, -0.882617, 0.180395, 0.488383, -0.782117, 0.654049, )
Penalty sum (3856893436.000000) forPoint (0.550507, -0.971848, -0.794046, 0.147566, 0.727724, -0.690878, 0.721737, )
Penalty sum (26698550883.000000) forPoint (0.659900, -0.797887, -0.205254, 0.000000, 0.710033, 0.264486, 0.360594, )
Penalty sum (27674992160.000000) forPoint (0.000000, -0.444049, -0.424578, 0.254212, 0.402298, 0.850215, 0.812297, )
|Penalty sum (35240880609.000000) forPoint (-0.224252, 0.065483, 0.168944, -0.159882, 0.081339, 0.923157, -0.680341, )
Penalty sum (35940661440.000000) forPoint (-0.853314, 0.381343, 0.000000, -0.249674, 0.503859, 0.789688, -0.811045, )
Penalty sum (28884238220.000000) forPoint (-0.605229, -0.890709, 0.424220, -0.484217, 0.389967, 0.497278, 0.978837, )
Penalty sum (5310596372.000000) forPoint (-0.733117, -0.602240, -0.011665, -0.101322, 0.000000, -0.049385, -0.143346, )
Penalty sum (5908820365.000000) forPoint (-0.777518, -0.552510, -0.530952, -0.169443, 0.900961, -0.012822, -0.796657, )
Penalty sum (34428125786.000000) forPoint (-0.499038, 0.918673, 0.798127, 0.825030, 0.000000, 0.532090, -0.614378, )
Penalty sum (30870110497.000000) forPoint (-0.725757, 0.137746, -0.879830, -0.313594, 0.657687, 0.192695, -0.403274, )
Penalty sum (3878684039.000000) forPoint (0.000000, 0.552040, -0.544037, -0.388278, 0.181938, -0.291848, 0.051905, )
Penalty sum (4089343756.000000) forPoint (-0.651493, 0.844015, -0.558131, 0.338793, 0.467132, -0.875035, 0.098435, )
Penalty sum (4490118954.000000) forPoint (0.000000, -0.340589, 0.255751, -0.675687, 0.885052, -0.103469, 0.851697, )
Penalty sum (27093107004.000000) forPoint (-0.249375, -0.228384, -0.012330, 0.580489, 0.733665, 0.225877, 0.189314, )
|Penalty sum (35775628188.000000) forPoint (-0.605733, 0.896090, 0.225629, -0.560370, 0.970853, 0.290396, -0.679605, )
Penalty sum (5831113415.000000) forPoint (-0.071766, -0.191043, 0.289519, 0.274359, 0.000000, -0.491987, -0.876660, )
Penalty sum (4805988874.000000) forPoint (-0.502870, -0.293650, 0.476488, -0.286745, 0.000000, -0.922617, -0.184234, )
Penalty sum (28458161731.000000) forPoint (-0.448734, -0.622192, -0.719854, 0.599925, 0.756446, 0.396204, 0.296486, )
Penalty sum (4699873506.000000) forPoint (-0.255297, 0.255713, 0.961543, 0.521294, 0.173677, -0.690852, -0.019312, )
Penalty sum (32040287911.000000) forPoint (0.000000, 0.436388, -0.680553, -0.180942, -0.230510, 0.313044, -0.351376, )
Penalty sum (31263778713.000000) forPoint (-0.142190, 0.953597, -0.662922, 0.111189, 0.312704, 0.742805, -0.069991, )
Penalty sum (3734169201.000000) forPoint (-0.239060, 0.355252, -0.954203, -0.558795, 0.133840, -0.475659, 0.895513, )
Penalty sum (29509935860.000000) forPoint (-0.336910, -0.452624, 0.537004, 0.429216, 0.058301, 0.418229, 0.630469, )
Penalty sum (28762728586.000000) forPoint (0.000000, 0.421969, 0.100154, -0.049738, 0.244064, 0.047279, 0.192982, )
Penalty sum (3795450937.000000) forPoint (-0.955359, -0.875352, -0.852497, 0.737125, 0.000000, -0.602409, 0.720335, )
|Penalty sum (4775529714.000000) forPoint (0.000000, -0.154466, 0.000000, 0.291959, 0.000000, -0.259221, -0.725092, )
Penalty sum (4603994520.000000) forPoint (-0.691900, 0.719967, -0.245833, 0.582945, 0.817941, -0.624652, -0.478435, )
Penalty sum (34279037496.000000) forPoint (-0.971750, -0.900278, -0.339140, -0.528849, -0.086326, 0.836578, -0.561301, )
Penalty sum (28538068112.000000) forPoint (-0.539430, 0.660383, 0.370244, -0.493131, 0.648499, 0.572738, 0.699207, )
Penalty sum (4977150130.000000) forPoint (-0.029905, 0.088246, 0.000000, 0.995177, -0.148525, -0.366878, 0.338984, )
Penalty sum (3869283876.000000) forPoint (-0.140871, -0.406947, -0.985721, -0.835181, 0.358174, -0.710470, 0.225635, )
Penalty sum (27523081880.000000) forPoint (-0.830542, 0.969612, -0.314068, 0.957367, 0.636876, 0.381935, 0.394752, )
Penalty sum (4097753509.000000) forPoint (0.000000, 0.577598, -0.427815, -0.533378, 0.000000, -0.705333, 0.240587, )
Penalty sum (3814551039.000000) forPoint (-0.184648, -0.323728, -0.936859, 0.730269, 0.954231, -0.382710, 0.362372, )
Penalty sum (3487748724.000000) forPoint (-0.630789, -0.662299, 0.000000, 0.837550, 0.000000, -0.167470, 0.936178, )
Penalty sum (4143987015.000000) forPoint (-0.894766, -0.145241, -0.386036, -0.194624, 0.840049, -0.956682, 0.377743, )
|
0) Best particle is f(-0.630789, -0.662299, 0.000000, 0.837550, 0.000000, -0.167470, 0.936178, ) = 3487748724.000000
Penalty sum (31890727850.000000) forPoint (0.000000, -0.961904, -0.903725, -0.260237, 0.547619, 0.788763, -0.443075, )
Penalty sum (29579072677.000000) forPoint (-0.399864, -0.332661, 0.361508, 0.822719, -0.428877, 0.976598, 0.947514, )
Penalty sum (4987886957.000000) forPoint (-0.098483, -0.575433, 0.533943, 0.517539, 0.000000, -0.942447, 0.000000, )
Penalty sum (4924108469.000000) forPoint (-0.198715, 0.079257, 0.418267, 0.000000, -0.602389, -0.081595, 0.799536, )
Penalty sum (31661103426.000000) forPoint (-0.264510, -0.635213, -0.073445, 0.739708, 0.805168, 0.622370, 0.000000, )
Penalty sum (28467531024.000000) forPoint (-0.453845, 0.099095, 0.138455, 0.156598, 0.000000, 0.101729, 0.296057, )
Penalty sum (3422598827.000000) forPoint (0.062860, -0.691081, -0.924470, 0.663441, 0.419871, -0.086874, 0.725655, )
Penalty sum (28839557128.000000) forPoint (-0.803815, -0.515276, 0.160102, -0.293644, -0.337011, 0.490303, 0.727708, )
Penalty sum (4425127260.000000) forPoint (0.000000, -0.981927, -0.452987, 0.457792, -0.833440, -0.972258, 0.382873, )
Penalty sum (4904915373.000000) forPoint (0.000000, 0.179705, 0.020924, 0.000000, -0.393925, -0.739023, 0.749585, )
Penalty sum (30074868712.000000) forPoint (0.000000, -0.111247, -0.434948, 0.832138, -0.150620, 0.928808, 0.120143, )
|Penalty sum (24237625609.000000) forPoint (0.176477, -0.797396, -0.183368, 0.597276, 0.363682, 0.231084, 0.703161, )
Penalty sum (5818216919.000000) forPoint (0.516847, 0.000000, 0.131394, 0.334393, -0.115691, -0.865377, -0.605376, )
Penalty sum (34415522951.000000) forPoint (0.347156, -0.477313, 0.106926, 0.468380, -0.544865, 0.246497, -0.148073, )
Penalty sum (5239579985.000000) forPoint (-0.215083, -0.918446, 0.643641, 0.685883, -0.452232, -0.204473, 0.135531, )
Penalty sum (4444124962.000000) forPoint (0.000000, 0.000000, -0.348535, -0.434930, -0.783229, -0.663262, 0.000000, )
Penalty sum (3641760266.000000) forPoint (0.815338, -0.024545, -0.841252, 0.558286, 0.845375, -0.225426, 0.374440, )
Penalty sum (28826519880.000000) forPoint (0.863698, -0.276184, -0.575058, 0.988510, -0.371037, 0.106173, 0.000000, )
Penalty sum (4141234932.000000) forPoint (0.482366, -0.743351, 0.000000, 0.854766, -0.764175, -0.771782, 0.955765, )
Penalty sum (3741402545.000000) forPoint (0.873372, 0.106443, -0.968076, 0.608527, 0.694864, -0.445976, 0.586287, )
Penalty sum (3626234323.000000) forPoint (0.583551, -0.797142, -0.662693, -0.773382, 0.410227, -0.422061, 0.654444, )
Penalty sum (4091124296.000000) forPoint (0.300532, -0.679429, -0.408967, 0.583270, 0.000000, -0.499999, 0.827744, )
|Penalty sum (27075845576.000000) forPoint (0.554092, -0.746513, 0.000000, 0.980535, -0.151732, 0.260492, 0.719231, )
Penalty sum (7361128319.000000) forPoint (0.126684, 0.191236, 0.000000, 0.110277, -0.906796, -0.223014, -0.507416, )
Penalty sum (32464800654.000000) forPoint (-0.122191, -0.902655, -0.405621, 0.494367, 0.152435, 0.221554, -0.316986, )
Penalty sum (3846403194.000000) forPoint (0.346092, 0.000000, -0.385983, 0.082035, 0.929274, -0.201034, 0.022605, )
Penalty sum (31717388472.000000) forPoint (0.321728, 0.846577, 0.792079, 0.655739, -0.187418, 0.607908, 0.179254, )
Penalty sum (4506011589.000000) forPoint (-0.123727, -0.625490, 0.000000, 0.615761, -0.428614, -0.140600, 0.000000, )
Penalty sum (4022154286.000000) forPoint (0.352009, 0.000000, -0.963704, 0.829518, -0.105780, -0.091211, -0.068016, )
Penalty sum (23538049636.000000) forPoint (-0.314169, -0.498293, -0.463826, 0.455580, -0.467782, 0.141451, 0.921416, )
Penalty sum (3224946831.000000) forPoint (0.555247, -0.165481, -0.754790, 0.674248, 0.313041, -0.100349, 0.689456, )
Penalty sum (3644308586.000000) forPoint (0.000000, -0.006118, -0.752631, 0.018844, 0.542182, -0.402482, 0.408314, )
Penalty sum (30170036262.000000) forPoint (0.691665, -0.741309, 0.000000, -0.238030, 0.319243, 0.671400, 0.191652, )
|Penalty sum (4433126012.000000) forPoint (0.000000, -0.184535, 0.665985, 0.391261, -0.756073, -0.506071, 0.706779, )
Penalty sum (28574988870.000000) forPoint (0.007500, -0.208497, 0.927275, 0.673019, 0.767721, 0.049908, 0.731408, )
Penalty sum (3624016748.000000) forPoint (0.880571, -0.868788, -0.624141, 0.322147, 0.888436, -0.185515, 0.837315, )
Penalty sum (30757406263.000000) forPoint (0.000000, 0.841369, 0.195971, 0.000000, -0.235783, 0.873526, 0.279386, )
Penalty sum (29877512467.000000) forPoint (0.926919, 0.945823, 0.256357, 0.000000, -0.465687, 0.596153, 0.519353, )
Penalty sum (28935914278.000000) forPoint (0.934390, 0.185176, -0.869081, 0.000000, -0.331452, 0.350491, 0.183510, )
Penalty sum (4278989224.000000) forPoint (0.919948, 0.386104, -0.784100, 0.176563, 0.066517, -0.720481, 0.136861, )
Penalty sum (29101527585.000000) forPoint (0.000000, 0.185985, 0.125502, 0.793696, -0.975989, 0.149367, 0.199564, )
Penalty sum (25440721998.000000) forPoint (0.708216, -0.910171, -0.926067, -0.444153, 0.094586, 0.283863, 0.823258, )
Penalty sum (25243854504.000000) forPoint (0.959607, 0.032145, -0.081351, 0.850616, -0.119670, 0.203512, 0.389769, )
Penalty sum (4176991116.000000) forPoint (0.645481, -0.459038, -0.872851, 0.787327, -0.058502, -0.911470, 0.543058, )
|
1) Best particle is f(0.555247, -0.165481, -0.754790, 0.674248, 0.313041, -0.100349, 0.689456, ) = 3224946831.000000
Penalty sum (4939918506.000000) forPoint (0.000000, 0.880572, 0.000000, 0.735737, 0.075336, -0.490787, -0.035357, )
Penalty sum (35173668157.000000) forPoint (0.260097, -0.575721, 0.082064, -0.179257, 0.000000, 0.807494, -0.362803, )
Penalty sum (4708426833.000000) forPoint (0.318059, 0.885588, -0.402808, -0.159466, -0.285921, -0.547645, -0.263455, )
Penalty sum (4006326707.000000) forPoint (0.754357, -0.149319, -0.992308, 0.562100, 0.000000, -0.376725, -0.011178, )
Penalty sum (3873766289.000000) forPoint (0.046399, 0.980674, -0.738371, 0.807757, 0.187860, -0.404366, 0.809016, )
Penalty sum (4337875181.000000) for