Penalty sum (113180780067.000000) forPoint (0.410322, -0.291683, 0.860925, -0.101081, -0.834937, 0.684909, -0.531227, )
Penalty sum (47349836407.000000) forPoint (-0.304210, -0.219810, -0.659754, -0.727927, 0.359420, -0.421701, -0.892092, )
Penalty sum (105558148945.000000) forPoint (0.913938, 0.790270, 0.110517, 0.973543, -0.819388, 0.851570, 0.679463, )
Penalty sum (114109669584.000000) forPoint (0.604899, -0.568877, 0.640621, -0.035463, 0.238865, 0.365081, -0.514767, )
Penalty sum (112996867228.000000) forPoint (0.874108, 0.237619, -0.791567, 0.698949, 0.158767, 0.880270, -0.979615, )
Penalty sum (46741404218.000000) forPoint (-0.174839, -0.103572, 0.156199, -0.255252, -0.771398, -0.604314, -0.195851, )
Penalty sum (49962628976.000000) forPoint (0.324009, 0.979268, -0.894319, -0.816056, -0.374747, -0.033971, -0.604305, )
Penalty sum (44719324005.000000) forPoint (-0.100313, 0.966379, 0.870180, 0.550392, 0.176812, -0.974134, 0.497306, )
Penalty sum (112425322170.000000) forPoint (-0.430926, 0.818968, 0.575885, -0.619841, 0.356024, 0.923308, -0.340710, )
Penalty sum (47772178860.000000) forPoint (0.695759, 0.915947, -0.932898, 0.630429, 0.022174, -0.542893, -0.119182, )
Penalty sum (104000706139.000000) forPoint (0.981797, -0.550131, 0.715228, 0.793837, 0.074758, 0.468913, 0.860737, )
Penalty sum (47442610505.000000) forPoint (-0.984591, -0.189621, -0.475243, -0.193471, -0.585145, -0.487060, -0.436131, )
Penalty sum (46826575761.000000) forPoint (0.106549, -0.307686, -0.746223, -0.512071, -0.107584, -0.961035, -0.830695, )
Penalty sum (47931241843.000000) forPoint (-0.695470, -0.727885, 0.811454, 0.830057, 0.576333, -0.105643, -0.935054, )
Penalty sum (47585035048.000000) forPoint (0.492233, -0.583270, 0.018770, 0.707921, -0.660645, -0.521100, -0.401386, )
Penalty sum (47249118034.000000) forPoint (0.164840, 0.288289, 0.991101, 0.906209, -0.445612, -0.905259, -0.151800, )
Penalty sum (114010950948.000000) forPoint (-0.958245, 0.765588, 0.894551, -0.144147, -0.068413, 0.656988, -0.737580, )
Penalty sum (109870550061.000000) forPoint (-0.390928, 0.917250, 0.390938, -0.824547, 0.876452, 0.855038, 0.187346, )
Penalty sum (47839905121.000000) forPoint (-0.881082, 0.247518, 0.827787, -0.922993, -0.091937, -0.217225, -0.182128, )
Penalty sum (95590977482.000000) forPoint (-0.006267, 0.841171, -0.436505, 0.783924, 0.867466, 0.118060, 0.968057, )
Penalty sum (98369595424.000000) forPoint (-0.024636, 0.009422, -0.946285, -0.411647, 0.664107, 0.254114, 0.707880, )
Penalty sum (44487350936.000000) forPoint (0.664860, -0.749821, -0.120533, 0.667137, 0.908543, -0.490262, 0.735325, )
Penalty sum (48427097669.000000) forPoint (-0.614521, 0.846011, 0.400692, 0.693921, -0.413685, -0.384080, -0.772115, )
Penalty sum (46524487452.000000) forPoint (0.779106, -0.692884, -0.542669, 0.436103, -0.676727, -0.279749, -0.337837, )
Penalty sum (45858926794.000000) forPoint (-0.185999, -0.044216, 0.627470, -0.931971, 0.326280, -0.748880, -0.897170, )
Penalty sum (113042098211.000000) forPoint (-0.841972, 0.213196, 0.424650, -0.025689, -0.908095, 0.981066, -0.448492, )
Penalty sum (45427929903.000000) forPoint (-0.738180, -0.757669, -0.767585, 0.252631, 0.441275, -0.585004, -0.321390, )
Penalty sum (46775385189.000000) forPoint (-0.127491, 0.607029, -0.687009, -0.722167, 0.268438, -0.911939, 0.213211, )
Penalty sum (105918224741.000000) forPoint (0.592967, 0.586391, 0.706047, -0.104048, -0.122460, 0.536062, 0.570521, )
Penalty sum (46023261560.000000) forPoint (-0.328297, 0.379799, 0.122712, 0.269636, -0.748413, -0.016306, 0.852256, )
Penalty sum (95841501977.000000) forPoint (-0.833347, 0.143912, 0.230734, 0.609907, -0.524245, 0.003850, 0.849741, )
Penalty sum (104918012533.000000) forPoint (-0.330401, 0.087474, -0.385787, -0.969254, 0.552950, 0.304328, 0.138199, )
Penalty sum (43792731671.000000) forPoint (0.803087, 0.632969, -0.596167, 0.651017, 0.847005, -0.625635, 0.706195, )
Penalty sum (113373059996.000000) forPoint (-0.677525, 0.010926, -0.394662, -0.175604, -0.723104, 0.060173, -0.958579, )
Penalty sum (44778583262.000000) forPoint (-0.200258, -0.946544, 0.896451, 0.061553, 0.983633, -0.979169, -0.010268, )
Penalty sum (107343874747.000000) forPoint (0.385152, -0.039172, 0.645182, 0.544486, -0.039069, 0.492631, 0.435675, )
Penalty sum (46644537644.000000) forPoint (0.587477, 0.189851, -0.048993, 0.512099, 0.278874, -0.679222, -0.309399, )
Penalty sum (47707586079.000000) forPoint (0.065052, -0.506453, -0.530022, -0.949427, -0.532364, -0.960787, -0.921435, )
Penalty sum (110101285484.000000) forPoint (-0.525877, -0.731207, 0.809024, 0.738068, -0.078669, 0.331503, 0.171887, )
Penalty sum (45732645197.000000) forPoint (-0.107152, 0.656527, 0.835621, -0.362161, 0.318835, -0.173972, -0.354912, )
Penalty sum (43828733855.000000) forPoint (0.064510, -0.312258, 0.710381, 0.391642, 0.685449, -0.082166, 0.768132, )
Penalty sum (103225910285.000000) forPoint (-0.317542, -0.797594, 0.925237, -0.821909, -0.723826, 0.125562, 0.808082, )
Penalty sum (100072080707.000000) forPoint (0.387579, 0.924175, -0.914061, -0.716603, -0.401241, 0.332515, 0.881792, )
Penalty sum (44642118791.000000) forPoint (0.981429, 0.088312, -0.291248, 0.552594, -0.381720, -0.059841, 0.741533, )
Penalty sum (116070338366.000000) forPoint (0.279472, 0.741992, 0.516594, 0.585188, 0.794615, 0.970847, -0.831144, )
Penalty sum (104164624476.000000) forPoint (0.748529, 0.963693, -0.813695, 0.987990, 0.140890, 0.325402, -0.093509, )
Penalty sum (44671858405.000000) forPoint (0.050497, 0.000000, 0.271751, 0.670259, 0.249300, -0.455828, 0.000000, )
Penalty sum (44585820037.000000) forPoint (0.848838, 0.241918, 0.602522, 0.463882, 0.899940, -0.915046, 0.385554, )
Penalty sum (47295604076.000000) forPoint (0.545968, 0.971735, 0.000000, 0.640816, 0.000000, -0.743957, 0.763324, )
Penalty sum (46650564656.000000) forPoint (-0.342229, 0.682990, -0.933220, -0.079451, 0.000000, -0.934254, 0.255663, )
Penalty sum (45348269552.000000) forPoint (0.303848, 0.818150, 0.529817, 0.000000, 0.891730, -0.621367, 0.301880, )
Penalty sum (106791060311.000000) forPoint (0.536282, -0.261953, 0.487190, 0.933362, 0.115792, 0.783921, 0.499475, )
Penalty sum (102896689840.000000) forPoint (0.638583, 0.599569, 0.000000, 0.289540, 0.654937, 0.241483, 0.344304, )
Penalty sum (47921187083.000000) forPoint (0.575399, 0.000000, -0.246735, 0.625302, -0.761303, -0.978972, 0.116011, )
Penalty sum (45231893705.000000) forPoint (0.317965, 0.079290, 0.000000, 0.243095, 0.054089, -0.096023, 0.494950, )
|Penalty sum (45692270772.000000) forPoint (0.898097, 0.000000, 0.035724, 0.487287, 0.593537, -0.264937, -0.288952, )
Penalty sum (46512508470.000000) forPoint (0.948131, 0.786399, -0.653322, 0.100238, 0.245302, -0.739984, -0.636000, )
Penalty sum (46177534389.000000) forPoint (0.979381, 0.943466, 0.975340, 0.582146, 0.214799, -0.595639, -0.939076, )
Penalty sum (44530444945.000000) forPoint (-0.317674, -0.526487, -0.573154, 0.566017, 0.679204, -0.989455, -0.150837, )
Penalty sum (110024278273.000000) forPoint (0.504442, 0.440744, -0.123280, -0.130222, 0.547159, 0.564309, -0.019067, )
Penalty sum (101257446174.000000) forPoint (0.878417, 0.540150, -0.396811, 0.928925, 0.748327, 0.074156, 0.000000, )
Penalty sum (105423196739.000000) forPoint (0.540345, -0.145042, -0.810273, 0.000000, 0.461562, 0.680704, 0.250620, )
Penalty sum (46427937314.000000) forPoint (0.210645, 0.940815, 0.005587, 0.712587, 0.000000, -0.925669, 0.122738, )
Penalty sum (96921763712.000000) forPoint (0.924465, 0.082591, -0.802476, 0.000000, 0.000000, 0.156656, 0.482264, )
Penalty sum (44153761935.000000) forPoint (0.972420, 0.957409, -0.236419, 0.984285, 0.978491, -0.524867, 0.512090, )
Penalty sum (44566628591.000000) forPoint (-0.180877, 0.000000, -0.061695, 0.284982, 0.471395, -0.549072, 0.459915, )
|Penalty sum (43811535245.000000) forPoint (0.560527, 0.085600, -0.927685, 0.563638, 0.723062, -0.866300, 0.691858, )
Penalty sum (46818818646.000000) forPoint (0.974084, 0.964464, 0.765835, 0.387781, 0.000000, -0.237786, 0.000000, )
Penalty sum (47077911896.000000) forPoint (0.000000, 0.927584, -0.842913, -0.202648, 0.997708, -0.345950, -0.754242, )
Penalty sum (45889493574.000000) forPoint (0.963372, 0.149512, -0.748540, -0.058117, 0.232615, -0.774049, -0.193532, )
Penalty sum (43966254199.000000) forPoint (0.000000, 0.460412, -0.434805, 0.202317, 0.259452, -0.974123, 0.730649, )
Penalty sum (45902999681.000000) forPoint (0.000000, -0.395749, -0.033359, 0.338829, 0.000000, -0.995045, 0.000000, )
Penalty sum (48006192101.000000) forPoint (0.427532, 0.000000, -0.774916, 0.973458, 0.000000, -0.969201, 0.017592, )
Penalty sum (44122739946.000000) forPoint (0.834929, -0.366166, -0.737259, -0.643404, 0.670153, -0.217262, 0.338569, )
Penalty sum (44989942151.000000) forPoint (0.000000, 0.841312, -0.622496, 0.113623, 0.000000, -0.618728, 0.560231, )
Penalty sum (45865474495.000000) forPoint (0.074593, 0.691177, -0.992737, 0.747634, 0.424098, -0.983844, 0.380335, )
Penalty sum (44056919480.000000) forPoint (0.820552, 0.912922, -0.711266, 0.947635, 0.657300, -0.763751, 0.922546, )
|Penalty sum (47200867993.000000) forPoint (0.143261, 0.329781, -0.062690, 0.638489, -0.005778, -0.760413, -0.179644, )
Penalty sum (48118118432.000000) forPoint (-0.792245, 0.917938, -0.382388, -0.797887, -0.676414, -0.775017, 0.000000, )
Penalty sum (44680744523.000000) forPoint (0.293738, -0.008129, -0.557381, 0.070970, 0.156520, -0.600725, 0.139742, )
Penalty sum (44536971927.000000) forPoint (-0.027346, 0.000000, 0.144215, 0.412693, 0.952177, -0.613554, 0.300037, )
Penalty sum (44237050584.000000) forPoint (0.214747, 0.000000, 0.238575, 0.604809, 0.174865, -0.310563, 0.364835, )
Penalty sum (47114674938.000000) forPoint (0.325890, 0.938877, -0.924495, 0.000000, 0.000000, -0.437716, 0.557736, )
Penalty sum (43169679330.000000) forPoint (0.726583, -0.019322, 0.000000, -0.393185, 0.976096, -0.984159, 0.491048, )
Penalty sum (101046499016.000000) forPoint (0.973568, -0.090183, -0.534721, 0.548890, 0.110101, 0.150316, 0.375718, )
Penalty sum (44935782105.000000) forPoint (0.790699, 0.810100, -0.065500, 0.325567, 0.581168, -0.649502, 0.072884, )
Penalty sum (46164464554.000000) forPoint (0.798862, 0.722186, -0.838555, 0.417718, 0.000000, -0.895509, 0.675720, )
Penalty sum (101730399046.000000) forPoint (0.639300, -0.417814, -0.835802, -0.157881, 0.593870, 0.447398, 0.638062, )
|
0) Best particle is f(0.726583, -0.019322, 0.000000, -0.393185, 0.976096, -0.984159, 0.491048, ) = 43169679330.000000
Penalty sum (45920553407.000000) forPoint (-0.956322, -0.708447, 0.100954, 0.000000, 0.209205, -0.683473, -0.861972, )
Penalty sum (42652533209.000000) forPoint (0.521563, 0.295608, 0.525907, -0.371595, 0.405058, -0.298030, 0.820064, )
Penalty sum (46436518665.000000) forPoint (0.641012, -0.007308, 0.416347, 0.376611, 0.851384, -0.506351, -0.756527, )
Penalty sum (113102784162.000000) forPoint (-0.055309, -0.359465, 0.626959, -0.461704, -0.156501, 0.795605, -0.432119, )
Penalty sum (85724678594.000000) forPoint (0.536968, -0.501787, -0.159093, 0.752248, -0.735584, 0.000000, -0.240133, )
Penalty sum (45925810275.000000) forPoint (0.635263, 0.095304, 0.512617, -0.578233, -0.443249, -0.291580, 0.398590, )
Penalty sum (44440858854.000000) forPoint (0.539291, -0.546682, 0.428161, 0.017020, 0.547546, -0.807186, 0.711740, )
Penalty sum (44740518796.000000) forPoint (0.275995, -0.541424, -0.747063, -0.898346, 0.828255, -0.136555, -0.396634, )
Penalty sum (45258450686.000000) forPoint (-0.158786, 0.241346, 0.671544, -0.375207, 0.057226, -0.373831, 0.685214, )
Penalty sum (70997414531.000000) forPoint (0.475938, 0.000000, -0.343363, -0.458435, 0.804810, 0.000000, 0.000000, )
Penalty sum (46798538708.000000) forPoint (0.922961, 0.293660, 0.000000, -0.838547, -0.008251, -0.240205, 0.671302, )
|Penalty sum (107302010047.000000) forPoint (-0.285926, -0.083394, 0.730847, -0.371467, -0.876027, 0.575160, 0.280451, )
Penalty sum (45936397480.000000) forPoint (0.659395, 0.233490, -0.143323, -0.753637, 0.711525, -0.799000, -0.752548, )
Penalty sum (44195007241.000000) forPoint (0.313786, -0.561952, 0.654489, 0.000000, 0.739950, -0.223791, 0.471873, )
Penalty sum (105302725263.000000) forPoint (-0.285475, 0.232070, 0.697277, -0.078962, 0.296371, 0.241675, 0.601825, )
Penalty sum (44432168519.000000) forPoint (0.362792, -0.951098, 0.927201, -0.607616, 0.246308, -0.281686, 0.000000, )
Penalty sum (42275378906.000000) forPoint (-0.410483, -0.138264, 0.000000, -0.078913, 0.074870, -0.746494, 0.915036, )
Penalty sum (107828812735.000000) forPoint (-0.259798, -0.042364, 0.706303, -0.791224, 0.208304, 0.585254, 0.482150, )
Penalty sum (44166067935.000000) forPoint (0.068141, -0.655948, 0.150565, -0.505829, 0.407407, -0.876014, 0.896909, )
Penalty sum (104573172659.000000) forPoint (-0.228493, 0.440772, 0.448666, -0.709206, 0.927454, 0.385344, 0.679627, )
Penalty sum (45634744507.000000) forPoint (-0.985269, 0.217544, 0.295490, -0.166489, -0.484591, -0.972726, 0.803080, )
Penalty sum (103112636505.000000) forPoint (0.009048, 0.857427, 0.107504, -0.748463, -0.024133, 0.226521, 0.637020, )
|Penalty sum (47430602709.000000) forPoint (-0.711909, 0.000000, 0.122595, 0.000000, -0.707515, -0.736552, -0.686686, )
Penalty sum (115778666283.000000) forPoint (0.000000, -0.156267, -0.226871, 0.017556, -0.285697, 0.185316, -0.925701, )
Penalty sum (110366838292.000000) forPoint (-0.568842, 0.000000, 0.411298, -0.742655, -0.232337, 0.155690, 0.000000, )
Penalty sum (45255428005.000000) forPoint (-0.731344, 0.070978, 0.365628, -0.886966, -0.930936, -0.122556, 0.947522, )
Penalty sum (46444011799.000000) forPoint (0.000000, -0.351313, 0.275917, -0.579946, -0.143702, -0.410465, -0.028826, )
Penalty sum (47223891207.000000) forPoint (-0.890422, -0.194739, 0.218906, 0.441491, -0.297523, -0.008930, 0.178836, )
Penalty sum (44882337086.000000) forPoint (0.546930, 0.096323, 0.562659, 0.351659, -0.076784, -0.404677, 0.649317, )
Penalty sum (45289593620.000000) forPoint (0.000000, -0.870431, -0.183209, -0.316924, 0.070256, -0.874966, 0.654192, )
Penalty sum (43995200529.000000) forPoint (-0.907837, -0.330400, 0.519149, 0.579851, 0.219878, -0.666512, 0.661869, )
Penalty sum (102502599616.000000) forPoint (-0.551675, -0.478202, -0.750424, -0.479408, 0.377269, 0.484975, 0.365951, )
Penalty sum (46360005957.000000) forPoint (0.000000, -0.804924, -0.628235, -0.158929, -0.311440, -0.948322, 0.489787, )
|Penalty sum (46516915809.000000) forPoint (-0.224498, 0.918768, 0.424566, 0.445766, 0.953360, -0.876012, -0.960279, )
Penalty sum (45583788936.000000) forPoint (-0.792067, -0.567490, 0.000000, -0.045085, -0.493544, -0.377887, -0.542384, )
Penalty sum (96995739862.000000) forPoint (-0.725192, 0.755931, -0.864655, 0.000000, -0.163411, 0.252601, 0.812555, )
Penalty sum (46342285549.000000) forPoint (0.000000, -0.144013, 0.094210, -0.445245, -0.872320, -0.348460, 0.661391, )
Penalty sum (79216881157.000000) forPoint (-0.579863, 0.802278, 0.583074, -0.365637, -0.231149, -0.001266, -0.144449, )
Penalty sum (44304639079.000000) forPoint (-0.036424, -0.551155, 0.406766, 0.140281, 0.511380, -0.792961, 0.229920, )
Penalty sum (46636091267.000000) forPoint (-0.174867, -0.442507, 0.315069, 0.439098, -0.399110, -0.673809, 0.000000, )
Penalty sum (45083293156.000000) forPoint (-0.612724, -0.282625, 0.153850, -0.255560, -0.014480, -0.418339, 0.923434, )
Penalty sum (46158631419.000000) forPoint (0.093920, -0.691632, -0.811458, 0.167700, -0.959040, -0.552879, 0.517605, )
Penalty sum (97174027805.000000) forPoint (-0.982166, -0.880028, 0.000000, -0.119526, -0.160419, 0.037127, 0.499312, )
Penalty sum (44375424270.000000) forPoint (0.365847, 0.000000, -0.105226, -0.147947, 0.451235, -0.799044, 0.696666, )
|
1) Best particle is f(-0.410483, -0.138264, 0.000000, -0.078913, 0.074870, -0.746494, 0.915036, ) = 42275378906.000000
Penalty sum (45318663734.000000) forPoint (-0.449995, 0.203593, -0.188151, -0.031268, 0.398525, -0.886823, 0.000000, )
Penalty sum (99884807398.000000) forPoint (-0.368490, -0.192937, -0.250102, -0.782939, 0.175878, 0.220344, 0.435141, )
Penalty sum (103494746988.000000) forPoint (-0.443565, -0.218147, 0.977861, 0.000067, 0.027476, 0.061388, 0.792171, )
Penalty sum (110855439444.000000) forPoint (-0.920263, 0.203334, -0.379155, -0.531693, -0.374180, 0.104260, -0.383978, )
Penalty sum (48852786543.000000) forPoint (-0.081300, 0.835065, 0.012340, 0.530820, -0.532709, -0.064845, 0.000000, )
Penalty sum (46336007662.000000) forPoint (0.252626, -0.806135, -0.110269, 0.589751, -0.680331, -0.707554, 0.433392, )
Penalty sum (70607968158.000000) forPoint (-0.745487, 0.393701, -0.384168, 0.630936, 0.050697, 0.000000, 0.162304, )
Penalty sum (105598343179.000000) forPoint (-0.543465, -0.888810, 0.484364, -0.668874, -0.583949, 0.295918, 0.631902, )
Penalty sum (45190399077.000000) forPoint (-0.597307, 0.514165, -0.705040, 0.291984, -0.059919, -0.547033, 0.722536, )
Penalty sum (45298418403.000000) forPoint (-0.507411, -0.229050, 0.140129, -0.356643, -0.012250, -0.637027, 0.906446, )
Penalty sum (43437276830.000000) forPoint (-0.693633, -0.915700, -0.527841, -0.538437, 0.096441, -0.442211, 0.992355, )
|Penalty sum (43633657002.000000) forPoint (-0.380799, -0.292167, 0.007249, 0.243502, 0.625405, -0.721779, 0.665164, )
Penalty sum (45111284434.000000) forPoint (-0.252858, -0.061161, 0.000000, -0.415069, -0.020418, -0.844240, -0.594077, )
Penalty sum (47233759754.000000) forPoint (-0.960443, 0.357079, 0.378543, 0.701091, -0.114380, -0.989321, -0.803376, )
Penalty sum (49968994540.000000) forPoint (-0.612028, 0.000000, -0.293707, 0.729586, 0.665175, -0.082007, -0.816626, )
Penalty sum (44862280457.000000) forPoint (0.129695, 0.300283, -0.729559, 0.000000, 0.113643, -0.317902, 0.798499, )
Penalty sum (47585906981.000000) forPoint (-0.723223, 0.455841, -0.483753, 0.388270, -0.629019, -0.513756, -0.665781, )
Penalty sum (45420213701.000000) forPoint (-0.417247, -0.848932, -0.003222, -0.179891, 0.386807, -0.889545, 0.000000, )
Penalty sum (45292573016.000000) forPoint (-0.640525, 0.195543, 0.966718, 0.865672, -0.347996, -0.176347, 0.983822, )
Penalty sum (99503218734.000000) forPoint (-0.183519, -0.913076, -0.932807, -0.665796, 0.295691, 0.200643, 0.343813, )
Penalty sum (90670521995.000000) forPoint (-0.125712, -0.235665, -0.359740, 0.792517, 0.338634, 0.024778, 0.909220, )
Penalty sum (98704662837.000000) forPoint (-0.885897, -0.134876, -0.074168, 0.881630, -0.118476, 0.220612, 0.497863, )
|Penalty sum (45537139329.000000) forPoint (-0.432349, 0.600116, 0.000000, -0.044721, 0.413186, -0.795750, 0.384615, )
Penalty sum (46964010538.000000) forPoint (-0.162426, 0.986777, -0.092469, 0.898265, 0.674143, -0.845592, -0.734513, )
Penalty sum (44516581427.000000) forPoint (0.751266, 0.266502, -0.276085, 0.217140, 0.378275, -0.225845, 0.164860, )
Penalty sum (44639296545.000000) forPoint (0.697595, -0.308998, 0.044500, 0.104607, 0.551808, -0.329274, 0.000000, )
Penalty sum (43997162452.000000) forPoint (0.794133, -0.068105, 0.493143, -0.352730, 0.168928, -0.960646, 0.477977, )
Penalty sum (44462212117.000000) forPoint (0.671303, -0.052522, -0.387265, 0.322570, 0.725245, -0.511730, 0.202124, )
Penalty sum (47911032638.000000) forPoint (0.823395, 0.803460, -0.873696, -0.544201, -0.539752, -0.948472, 0.000000, )
Penalty sum (41893494119.000000) forPoint (0.036662, -0.222941, 0.000000, 0.000000, 0.361097, -0.827429, 0.918236, )
Penalty sum (45335152778.000000) forPoint (0.234673, 0.389215, -0.060069, 0.127130, 0.454541, -0.268295, 0.483903, )
Penalty sum (43670167177.000000) forPoint (0.214918, -0.833848, -0.007799, -0.993354, 0.005489, -0.560621, 0.665467, )
Penalty sum (46810589373.000000) forPoint (0.908907, -0.389708, -0.405242, -0.277695, 0.000493, -0.610192, 0.823347, )
|Penalty sum (44906685640.000000) forPoint (0.268047, -0.307231, 0.319964, 0.942296, 0.342279, -0.639932, 0.427109, )
Penalty sum (44657051594.000000) forPoint (0.451436, -0.027329, -0.853996, 0.252123, 0.001073, -0.857602, 0.427581, )
Penalty sum (44819015674.000000) forPoint (-0.521846, 0.885817, 0.345046, 0.139023, 0.128292, -0.971349, 0.438844, )
Penalty sum (101280371462.000000) forPoint (0.000000, -0.226348, -0.057819, 0.235194, 0.626604, 0.461251, 0.841438, )
Penalty sum (44850894053.000000) forPoint (0.426054, -0.370399, -0.952599, 0.135834, 0.000000, -0.233057, 0.256980, )
Penalty sum (45914770794.000000) forPoint (-0.304898, -0.890503, 0.985877, -0.041937, -0.253308, -0.641562, 0.732126, )
Penalty sum (43832848828.000000) forPoint (0.000000, -0.269112, -0.479755, 0.985500, 0.975056, -0.228225, 0.895909, )
Penalty sum (44471832755.000000) forPoint (0.485808, 0.211490, -0.969547, 0.033744, 0.995337, -0.938551, 0.306255, )
Penalty sum (46088312883.000000) forPoint (0.588374, 0.207615, -0.203267, -0.334786, 0.551673, -0.752668, 0.368586, )
Penalty sum (44720794675.000000) forPoint (0.260277, 0.858858, 0.062088, -0.401769, 0.597024, -0.701361, 0.450066, )
Penalty sum (43129744387.000000) forPoint (0.891005, -0.907118, -0.929657, 0.198079, 0.776738, -0.109205, 0.985340, )
|
2) Best particle is f(0.036662, -0.222941, 0.000000, 0.000000, 0.361097, -0.827429, 0.918236, ) = 41893494119.000000
Penalty sum (116024294451.000000) forPoint (0.873054, -0.886371, 0.123031, -0.798937, 0.173732, 0.335527, -0.344322, )
Penalty sum (43694432186.000000) forPoint (0.088853, -0.034511, 0.278414, -0.143853, 0.364816, -0.704936, 0.891858, )
Penalty sum (45607261807.000000) forPoint (0.560502, -0.630772, 0.085249, -0.804661, 0.547832, -0.409295, -0.108986, )
Penalty sum (45175642573.000000) forPoint (-0.056308, -0.310919, -0.358942, 0.509785, 0.490002, -0.999363, -0.081707, )
Penalty sum (45476553224.000000) forPoint (0.000000, -0.236838, -0.419725, 0.008758, 0.072110, -0.205947, -0.118410, )
Penalty sum (43818893535.000000) forPoint (0.000000, -0.008091, -0.145143, 0.211877, 0.574902, -0.057905, 0.653643, )
Penalty sum (71720828830.000000) forPoint (-0.219470, -0.993093, -0.119371, 0.064869, 0.600870, 0.000000, 0.000000, )
Penalty sum (44872197179.000000) forPoint (-0.007580, -0.980535, 0.269484, -0.298057, 0.360534, -0.232821, 0.174725, )
Penalty sum (44121882910.000000) forPoint (0.213307, -0.951446, 0.956334, -0.956999, 0.139861, -0.253616, 0.884149, )
Penalty sum (45232349405.000000) forPoint (0.345718, -0.792372, 0.199292, -0.353662, 0.000000, -0.708603, 0.476200, )
Penalty sum (45310261014.000000) forPoint (0.217865, -0.337968, -0.044660, -0.229671, 0.495036, -0.821378, 0.856088, )
|Penalty sum (43946636424.000000) forPoint (-0.254351, -0.886915, -0.647894, 0.315351, 0.607842, -0.164457, 0.000000, )
Penalty sum (45761915267.000000) forPoint (-0.778725, -0.838584, 0.073339, 0.526432, 0.217000, -0.730037, -0.973827, )
Penalty sum (45132908016.000000) forPoint (0.160928, -0.758792, 0.742683, -0.916450, 0.222350, -0.246359, -0.050354, )
Penalty sum (45200281078.000000) forPoint (0.543414, 0.400898, -0.210121, 0.134889, 0.548031, -0.274554, -0.225771, )
Penalty sum (44627087929.000000) forPoint (0.323936, -0.374718, 0.516790, -0.499298, 0.984927, -0.545837, 0.835254, )
Penalty sum (44090185066.000000) forPoint (0.191360, -0.428471, 0.236983, -0.201205, 0.061610, -0.481492, 0.936662, )
Penalty sum (44020674893.000000) forPoint (0.495251, -0.170632, 0.988050, -0.100160, 0.381142, -0.334668, 0.892228, )
Penalty sum (45090343888.000000) forPoint (0.291103, -0.503217, -0.351918, 0.335425, 0.350983, -0.676134, 0.928637, )
Penalty sum (45721900950.000000) forPoint (-0.470142, -0.409497, 0.368284, -0.727593, -0.189940, -0.997796, 0.702891, )
Penalty sum (45776530534.000000) forPoint (0.442446, -0.236757, 0.165044, -0.845093, 0.000000, -0.798334, 0.138580, )
Penalty sum (44263999222.000000) forPoint (-0.052307, 0.795747, -0.640505, 0.049383, 0.392138, -0.558304, 0.947307, )
|Penalty sum (44305215837.000000) forPoint (0.143555, -0.004274, -0.926084, -0.143889, 0.341256, -0.411438, 0.972075, )
Penalty sum (46368999594.000000) forPoint (0.386937, -0.687474, -0.017928, 0.258388, 0.887036, -0.745541, -0.755520, )
Penalty sum (47149790188.000000) forPoint (-0.811468, -0.325941, 0.379960, 0.693268, 0.384465, -0.417850, -0.932824, )
Penalty sum (111825443645.000000) forPoint (-0.528468, -0.304021, 0.165159, -0.080413, -0.576580, 0.282414, -0.081214, )
Penalty sum (101707783711.000000) forPoint (0.638711, 0.840643, -0.436544, -0.815606, -0.504599, 0.447707, 0.439933, )
Penalty sum (43474871854.000000) forPoint (0.653658, -0.777996, -0.260475, 0.182539, 0.279023, -0.654070, 0.470255, )
Penalty sum (46517339224.000000) forPoint (0.420665, -0.369900, 0.371968, -0.011036, -0.923822, -0.302421, 0.903593, )
Penalty sum (43606752385.000000) forPoint (0.102888, -0.026544, 0.270559, -0.162750, 0.118180, -0.318265, 0.817061, )
Penalty sum (45060791807.000000) forPoint (0.000000, 0.536138, 0.929785, 0.228253, 0.838045, -0.987123, 0.328273, )
Penalty sum (46241519931.000000) forPoint (0.023270, 0.428855, 0.255101, -0.018897, -0.838624, -0.713124, 0.412325, )
Penalty sum (45389659179.000000) forPoint (-0.512506, 0.724177, -0.526860, 0.181617, 0.047641, -0.932229, 0.892531, )
|Penalty sum (44973309672.000000) forPoint (-0.652126, -0.377617, -0.838947, 0.225121, 0.890177, -0.969942, 0.196684, )
Penalty sum (101105978190.000000) forPoint (-0.089223, -0.256999, -0.992565, 0.216270, -0.917539, 0.955663, 0.759633, )
Penalty sum (97827307620.000000) forPoint (-0.353054, 0.955884, -0.060035, -0.990498, 0.797998, 0.175620, 0.778898, )
Penalty sum (44642871550.000000) forPoint (0.164225, -0.903135, 0.214061, -0.751243, 0.057544, -0.979895, 0.183637, )
Penalty sum (43942851892.000000) forPoint (-0.756089, -0.625140, 0.107297, 0.076337, 0.859962, -0.371086, 0.573625, )
Penalty sum (43331559137.000000) forPoint (-0.182534, -0.990632, 0.000000, -0.018427, -0.062560, -0.467884, 0.191170, )
Penalty sum (43978629016.000000) forPoint (-0.159405, -0.337528, 0.342824, 0.072351, 0.572287, -0.903262, 0.589764, )
Penalty sum (45574863345.000000) forPoint (-0.138563, 0.461209, 0.858500, -0.072362, 0.879183, -0.857270, 0.803944, )
Penalty sum (44361258451.000000) forPoint (-0.184203, 0.868252, -0.156239, 0.260854, 0.779939, -0.876012, 0.432550, )
Penalty sum (95695056384.000000) forPoint (-0.386797, -0.259115, -0.283541, -0.664488, 0.295070, 0.116932, 0.851357, )
Penalty sum (44584787793.000000) forPoint (-0.017620, -0.080727, -0.353351, 0.103710, 0.418084, -0.383583, 0.845578, )
|
3) Best particle is f(0.036662, -0.222941, 0.000000, 0.000000, 0.361097, -0.827429, 0.918236, ) = 41893494119.000000
Penalty sum (47448972193.000000) forPoint (0.671887, -0.137731, -0.048989, 0.097637, -0.703731, -0.581695, -0.158806, )
Penalty sum (112805370864.000000) forPoint (-0.588015, 0.096333, -0.075498, -0.678585, 0.731840, 0.458684, -0.090352, )
Penalty sum (108914015305.000000) forPoint (-0.643592, 0.874842, 0.075389, 0.260503, -0.843703, 0.081008, 0.000000, )
Penalty sum (102179806444.000000) forPoint (-0.097166, -0.716704, -0.968436, 0.000000, 0.618837, 0.136040, 0.000000, )
Penalty sum (43510216731.000000) forPoint (-0.734830, -0.991693, -0.644813, -0.948130, 0.374619, -0.161907, 0.741676, )
Penalty sum (44894969597.000000) forPoint (0.670141, -0.260816, 0.428838, 0.198435, 0.749089, -0.916556, 0.772106, )
Penalty sum (44042872629.000000) forPoint (-0.744181, 0.057554, 0.422030, 0.010509, 0.688496, -0.760649, 0.940419, )
Penalty sum (46161430898.000000) forPoint (0.118516, 0.778282, 0.298175, -0.570469, -0.523439, -0.618118, 0.933042, )
Penalty sum (45287606803.000000) forPoint (0.288456, -0.369909, -0.355519, -0.912849, 0.584868, -0.509873, 0.821087, )
Penalty sum (44001749443.000000) forPoint (0.516926, 0.689835, -0.243942, -0.337904, 0.467442, -0.388289, 0.922995, )
Penalty sum (42361984067.000000) forPoint (-0.636389, -0.732373, 0.000000, -0.007474, 0.239828, -0.725180, 0.998236, )
|Penalty sum (44685931259.000000) forPoint (0.323822, -0.280621, -0.796263, -0.632510, 0.940713, -0.332356, -0.145497, )
Penalty sum (44684374581.000000) forPoint (0.153222, 0.532380, 0.028255, -0.269393, 0.514072, -0.909945, 0.000000, )
Penalty sum (44437317610.000000) forPoint (0.163950, 0.000000, 0.917513, -0.269836, 0.432996, -0.954137, 0.832299, )
Penalty sum (103633420958.000000) forPoint (0.354410, -0.366086, 0.104653, 0.377610, 0.049693, 0.082336, 0.207698, )
Penalty sum (45047132486.000000) forPoint (-0.116534, -0.345107, 0.554701, 0.644081, -0.057975, -0.552868, 0.803157, )
Penalty sum (43895775474.000000) forPoint (-0.590514, 0.000000, 0.039670, 0.082161, 0.248274, -0.252205, 0.212860, )
Penalty sum (44457332928.000000) forPoint (0.179167, -0.162994, -0.786063, 0.259568, 0.720456, -0.897678, 0.340381, )
Penalty sum (44393295407.000000) forPoint (-0.342410, -0.094430, 0.141007, 0.072813, 0.586943, -0.455659, 0.912487, )
Penalty sum (44987751915.000000) forPoint (0.875323, -0.169022, -0.118839, 0.661635, 0.487092, -0.204965, 0.849423, )
Penalty sum (45749899773.000000) forPoint (-0.374046, -0.583011, -0.996741, 0.193489, -0.187825, -0.494563, 0.625049, )
Penalty sum (43613199022.000000) forPoint (-0.841528, 0.205385, -0.941796, 0.590876, 0.336492, -0.745457, 0.900922, )
|Penalty sum (115818015406.000000) forPoint (0.400048, 0.000000, 0.139648, -0.390497, -0.176940, 0.410662, -0.632951, )
Penalty sum (45789996204.000000) forPoint (0.531908, -0.776987, -0.788811, -0.915369, -0.919825, -0.264466, 0.000000, )
Penalty sum (44422623361.000000) forPoint (0.832550, -0.584583, 0.432235, 0.099201, 0.570518, -0.940497, 0.892865, )
Penalty sum (44500325838.000000) forPoint (0.340276, -0.002470, 0.457286, 0.343769, 0.678263, -0.238080, 0.967684, )
Penalty sum (44580628771.000000) forPoint (0.481549, -0.052791, -0.758200, 0.986988, 0.000000, -0.386981, 0.936702, )
Penalty sum (44032705114.000000) forPoint (-0.888971, -0.669436, 0.000000, 0.619558, -0.579900, -0.615356, 0.221177, )
Penalty sum (44418157103.000000) forPoint (0.227936, -0.101339, -0.311524, -0.687840, 0.475403, -0.767113, 0.631056, )
Penalty sum (44457897113.000000) forPoint (-0.090968, -0.390820, -0.136668, 0.023388, 0.000000, -0.165400, 0.710459, )
Penalty sum (44987586274.000000) forPoint (-0.995646, -0.379056, -0.305730, 0.000000, -0.979738, -0.095374, 0.393741, )
Penalty sum (44668667437.000000) forPoint (-0.278365, -0.209595, -0.010759, 0.257305, 0.423830, -0.780883, 0.908969, )
Penalty sum (62686529301.000000) forPoint (0.000000, -0.180546, -0.021750, -0.026811, 0.000000, 0.000000, 0.686622, )
|Penalty sum (44853757787.000000) forPoint (-0.003789, 0.782116, 0.072298, 0.161472, 0.180283, -0.950245, -0.017780, )
Penalty sum (44127063660.000000) forPoint (0.979999, 0.000000, -0.130307, 0.000000, 0.665154, -0.347056, 0.984496, )
Penalty sum (44042211688.000000) forPoint (-0.034507, 0.512367, -0.902215, 0.064742, 0.168800, -0.949148, 0.780791, )
Penalty sum (96925812422.000000) forPoint (0.024452, -0.052227, -0.464940, -0.019825, 0.197088, 0.256149, 0.876212, )
Penalty sum (46141928975.000000) forPoint (0.844591, 0.043652, -0.079154, -0.066544, -0.544458, -0.656324, 0.649370, )
Penalty sum (45612374483.000000) forPoint (-0.655606, -0.408408, 0.246892, 0.156055, -0.405292, -0.840895, 0.752971, )
Penalty sum (45003597855.000000) forPoint (0.751631, -0.649270, -0.037622, 0.863925, 0.398603, -0.359592, 0.112016, )
Penalty sum (44510537734.000000) forPoint (-0.266386, 0.403054, -0.099117, -0.080719, 0.793291, -0.541156, 0.153249, )
Penalty sum (45919752188.000000) forPoint (-0.082826, -0.499544, -0.436032, -0.042549, 0.000000, -0.643749, 0.536168, )
Penalty sum (44129419890.000000) forPoint (-0.142639, -0.100991, -0.972392, -0.175382, 0.900108, -0.936324, 0.712716, )
Penalty sum (46298972077.000000) forPoint (-0.204411, -0.134492, -0.208395, 0.017089, -0.010096, -0.989407, 0.682618, )
|
4) Best particle is f(0.036662, -0.222941, 0.000000, 0.000000, 0.361097, -0.827429, 0.918236, ) = 41893494119.000000
Penalty sum (47356526259.000000) forPoint (-0.255638, -0.349929, 0.027126, 0.324017, 0.424002, -0.446674, -0.926324, )
Penalty sum (97378639314.000000) forPoint (0.199757, 0.350542, 0.160861, -0.459200, 0.304767, 0.000000, -0.980024, )
Penalty sum (44395625865.000000) forPoint (0.652824, 0.125489, 0.019847, 0.001339, 0.939771, -0.947582, 0.104236, )
Penalty sum (98146030313.000000) forPoint (0.000000, -0.276959, -0.708754, -0.059279, 0.207051, 0.174671, 0.596406, )
Penalty sum (43551691695.000000) forPoint (0.081696, -0.726240, -0.067789, -0.753378, 0.161330, -0.151890, 0.574464, )
Penalty sum (44085600151.000000) forPoint (-0.043990, 0.705088, 0.632674, 0.061283, 0.374498, -0.821412, 0.979420, )
Penalty sum (44217752745.000000) forPoint (0.089566, -0.533340, 0.963781, 0.942256, 0.475996, -0.484957, 0.884119, )
Penalty sum (45287446126.000000) forPoint (0.558767, -0.864755, -0.110541, -0.285251, 0.316135, -0.528414, 0.462442, )
Penalty sum (43420231895.000000) forPoint (0.435862, 0.000000, 0.197634, 0.607646, 0.778609, -0.364506, 0.505637, )
Penalty sum (106007288052.000000) forPoint (0.508836, 0.215708, 0.077134, 0.003778, 0.677421, 0.580175, 0.555953, )
Penalty sum (44635888964.000000) forPoint (0.202601, -0.523815, -0.175256, -0.238504, 0.732897, -0.724755, 0.959455, )
|Penalty sum (46347521982.000000) forPoint (0.062128, -0.504812, 0.871343, -0.343276, -0.300817, -0.859073, 0.896671, )
Penalty sum (45813813634.000000) forPoint (0.725459, -0.472126, -0.511563, 0.616557, 0.947465, -0.680923, 0.913678, )
Penalty sum (45704815258.000000) forPoint (-0.052978, 0.929206, 0.121391, -0.071219, 0.239039, -0.518292, -0.414244, )
Penalty sum (46290344502.000000) forPoint (0.420659, -0.291449, -0.047542, -0.439306, 0.652621, -0.919747, -0.987066, )
Penalty sum (45173641748.000000) forPoint (0.283298, -0.264173, -0.062876, -0.282140, 0.698906, -0.370061, 0.000000, )
Penalty sum (44930986144.000000) forPoint (-0.672960, -0.862188, 0.518738, 0.902210, 0.492562, -0.836947, 0.266511, )
Penalty sum (46075070522.000000) forPoint (-0.707748, -0.397117, 0.498155, -0.364298, -0.557059, -0.712626, 0.983449, )
Penalty sum (44635029909.000000) forPoint (0.008563, -0.352750, 0.157934, 0.000000, 0.372088, -0.969420, 0.923225, )
Penalty sum (45669464374.000000) forPoint (-0.975340, -0.214715, -0.378984, -0.327252, -0.272512, -0.631176, 0.818890, )
Penalty sum (44188214316.000000) forPoint (0.072583, -0.044475, 0.176452, -0.120738, 0.702545, -0.517338, 0.739413, )
Penalty sum (44258668971.000000) forPoint (-0.088713, 0.532200, -0.453203, -0.150779, 0.416146, -0.829643, 0.784246, )
|Penalty sum (45630296555.000000) forPoint (0.703311, 0.348096, 0.629214, 0.308849, 0.000000, -0.626722, -0.566953, )
Penalty sum (114997090329.000000) forPoint (-0.968987, -0.357053, -0.079482, 0.149070, -0.904637, 0.088313, -0.543927, )
Penalty sum (44069160558.000000) forPoint (0.011061, -0.096847, 0.126780, -0.560814, 0.514517, -0.969830, 0.752822, )
Penalty sum (102946565339.000000) forPoint (-0.308419, 0.873264, 0.260270, -0.194266, 0.153430, 0.101409, 0.702779, )
Penalty sum (44125839897.000000) forPoint (-0.416886, -0.697274, 0.269059, 0.000000, 0.301294, -0.884470, 0.535431, )
Penalty sum (44555012200.000000) forPoint (0.000000, 0.310656, 0.599151, -0.475094, 0.387568, -0.892637, 0.453551, )
Penalty sum (44898549049.000000) forPoint (0.010063, 0.126176, 0.569626, 0.597006, 0.435962, -0.923676, 0.478891, )
Penalty sum (46597871606.000000) forPoint (-0.001693, -0.692371, -0.326690, 0.041580, -0.770925, -0.687935, 0.641359, )
Penalty sum (66542067657.000000) forPoint (0.214800, -0.319841, -0.339019, -0.042486, -0.220608, 0.000000, 0.936466, )
Penalty sum (46172150439.000000) forPoint (0.104878, -0.013528, 0.000000, 0.538239, -0.695986, -0.997343, 0.913353, )
Penalty sum (45186791457.000000) forPoint (0.380914, 0.873498, -0.675325, 0.065041, 0.562624, -0.704680, 0.916166, )
|Penalty sum (102782762547.000000) forPoint (0.367799, -0.140843, -0.520439, 0.258205, 0.670392, 0.517375, 0.592975, )
Penalty sum (44017974815.000000) forPoint (0.037697, -0.355492, 0.288558, 0.105264, 0.454710, -0.739047, 0.916941, )
Penalty sum (46260485345.000000) forPoint (0.253853, 0.000000, 0.879696, 0.127604, -0.453975, -0.532396, 0.357559, )
Penalty sum (110432886088.000000) forPoint (0.306780, 0.764957, 0.404340, 0.976538, 0.368199, 0.469520, 0.000000, )
Penalty sum (107348440131.000000) forPoint (0.107773, -0.386559, 0.522460, 0.289194, -0.347465, 0.707444, 0.529622, )
Penalty sum (46755444480.000000) forPoint (0.473439, 0.087440, -0.617154, -0.071451, -0.101233, -0.769233, 0.416948, )
Penalty sum (44490209682.000000) forPoint (-0.031368, -0.509142, -0.032861, -0.169885, 0.127467, -0.772914, 0.671759, )
Penalty sum (42931432649.000000) forPoint (0.639533, -0.462630, 0.006812, -0.247347, 0.883998, -0.855926, 0.882311, )
Penalty sum (46984530748.000000) forPoint (0.944495, 0.025185, 0.079213, -0.078023, -0.403398, -0.753307, 0.738435, )
Penalty sum (103177304031.000000) forPoint (-0.171260, 0.452415, 0.041166, -0.658937, 0.543593, 0.331122, 0.711811, )
Penalty sum (46353150373.000000) forPoint (0.068524, -0.943260, -0.397180, 0.063714, -0.065413, -0.911033, 0.933721, )
|
5) Best particle is f(0.036662, -0.222941, 0.000000, 0.000000, 0.361097, -0.827429, 0.918236, ) = 41893494119.000000
Penalty sum (44106996742.000000) forPoint (-0.690494, -0.057021, 0.038543, 0.148291, 0.717381, -0.315918, 0.885055, )
Penalty sum (44402387961.000000) forPoint (-0.549629, 0.537177, 0.093574, -0.254028, 0.388528, -0.888235, 0.893617, )
Penalty sum (46274195519.000000) forPoint (-0.287668, -0.897701, -0.587063, -0.665751, 0.190541, -0.361319, -0.536658, )
Penalty sum (44497117353.000000) forPoint (-0.714385, 0.445418, 0.570179, 0.186339, 0.110660, -0.193576, 0.000000, )
Penalty sum (44556257017.000000) forPoint (-0.001030, -0.509587, 0.103835, 0.203438, 0.077717, -0.639429, 0.763588, )
Penalty sum (43883668239.000000) forPoint (-0.277989, -0.013966, 0.192779, -0.992095, 0.352455, -0.534968, 0.917856, )
Penalty sum (44375774788.000000) forPoint (0.371389, 0.371696, -0.090353, -0.568370, 0.351414, -0.591092, 0.755662, )
Penalty sum (45742664681.000000) forPoint (-0.244980, -0.203468, 0.048434, -0.047332, -0.137451, -0.562574, 0.358602, )
Penalty sum (45615267881.000000) forPoint (0.403030, -0.949037, 0.016080, -0.182344, -0.769866, -0.566710, 0.586874, )
Penalty sum (44623450098.000000) forPoint (-0.483499, -0.758873, -0.816495, -0.047225, 0.339783, -0.814067, 0.922585, )
Penalty sum (41695336818.000000) forPoint (0.000000, -0.701804, 0.000000, 0.000000, 0.344422, -0.897896, 0.877750, )
|Penalty sum (45911065634.000000) forPoint (0.702602, -0.852330, -0.252990, -0.282952, 0.211488, -0.420437, -0.151848, )
Penalty sum (117700535307.000000) forPoint (0.141876, 0.000000, 0.055337, 0.095125, 0.315831, 0.275038, -0.471417, )
Penalty sum (45638665252.000000) forPoint (0.154705, -0.370318, -0.027228, -0.233554, 0.392057, -0.905511, 0.000000, )
Penalty sum (43919725135.000000) forPoint (-0.969197, -0.884987, 0.070223, -0.007768, 0.938868, -0.698017, 0.498518, )
Penalty sum (104263747973.000000) forPoint (0.052991, -0.940348, 0.260036, 0.318733, 0.530109, 0.396673, 0.850776, )
Penalty sum (41394558591.000000) forPoint (-0.155398, 0.000000, 0.000000, -0.128523, 0.237411, -0.848030, 0.896824, )
Penalty sum (44328514144.000000) forPoint (0.001272, -0.260474, -0.271973, 0.483787, 0.130403, -0.843208, 0.977999, )
Penalty sum (45626906269.000000) forPoint (-0.944495, -0.773847, 0.391580, 0.548761, -0.220938, -0.915848, 0.854825, )
Penalty sum (46240725269.000000) forPoint (-0.007796, -0.617495, -0.842902, 0.070660, 0.507733, -0.857434, 0.713844, )
Penalty sum (44872605314.000000) forPoint (0.068471, -0.881334, -0.814700, 0.403248, 0.662608, -0.431911, 0.797619, )
Penalty sum (45049778264.000000) forPoint (0.123258, -0.867622, -0.144831, 0.494983, 0.585726, -0.634098, 0.666320, )
|Penalty sum (50582618412.000000) forPoint (0.234435, 0.623685, -0.403083, 0.416934, 0.914923, -0.050087, -0.950756, )
Penalty sum (44151989422.000000) forPoint (-0.152169, 0.031318, -0.296456, -0.402253, 0.637288, -0.461020, 0.607199, )
Penalty sum (104110319368.000000) forPoint (-0.315473, 0.880201, 0.185700, -0.052382, 0.000000, 0.489076, 0.861844, )
Penalty sum (46292287447.000000) forPoint (0.092304, 0.069414, -0.859991, -0.984981, -0.692692, -0.546350, 0.425625, )
Penalty sum (75804497290.000000) forPoint (0.470970, 0.432085, -0.000499, 0.125763, 0.654401, 0.000000, 0.603289, )
Penalty sum (44499804740.000000) forPoint (-0.385840, -0.260101, -0.167229, -0.397937, 0.122100, -0.726892, 0.893608, )
Penalty sum (42771659791.000000) forPoint (-0.560561, 0.968786, -0.502968, 0.617282, 0.877439, -0.661537, 0.348530, )
Penalty sum (44588380247.000000) forPoint (0.644357, -0.091967, -0.224004, -0.631240, 0.181408, -0.820104, 0.574493, )
Penalty sum (44476316501.000000) forPoint (0.149777, -0.977725, -0.044469, 0.917473, 0.583314, -0.962932, 0.344394, )
Penalty sum (46019571666.000000) forPoint (-0.360394, -0.219719, -0.177665, -0.204153, -0.098398, -0.702912, 